# JRE version: OpenJDK Runtime Environment (11.0.8+10) (build 11.0.8+10-b944.6842174)
# Java VM: OpenJDK 64-Bit Server VM (11.0.8+10-b944.6842174, mixed mode, tiered, compressed oops, g1 gc, windows-amd64)
Heap:
 garbage-first heap   total 260096K, used 199418K [0x0000000080000000, 0x0000000100000000)
  region size 1024K, 43 young (44032K), 4 survivors (4096K)
 Metaspace       used 118856K, capacity 122137K, committed 122240K, reserved 1155072K
  class space    used 14813K, capacity 15935K, committed 16000K, reserved 1048576K
GC Heap History (20 events):
Event: 23.366 GC heap before
{Heap before GC invocations=29 (full 0):
 garbage-first heap   total 260096K, used 214738K [0x0000000080000000, 0x0000000100000000)
  region size 1024K, 80 young (81920K), 4 survivors (4096K)
 Metaspace       used 113188K, capacity 116018K, committed 116224K, reserved 1150976K
  class space    used 14273K, capacity 15304K, committed 15360K, reserved 1048576K
}
Event: 23.375 GC heap after
{Heap after GC invocations=30 (full 0):
 garbage-first heap   total 260096K, used 140037K [0x0000000080000000, 0x0000000100000000)
  region size 1024K, 8 young (8192K), 8 survivors (8192K)
 Metaspace       used 113188K, capacity 116018K, committed 116224K, reserved 1150976K
  class space    used 14273K, capacity 15304K, committed 15360K, reserved 1048576K
}
Event: 23.430 GC heap before
{Heap before GC invocations=30 (full 0):
 garbage-first heap   total 260096K, used 144133K [0x0000000080000000, 0x0000000100000000)
  region size 1024K, 12 young (12288K), 8 survivors (8192K)
 Metaspace       used 113195K, capacity 116018K, committed 116224K, reserved 1150976K
  class space    used 14273K, capacity 15304K, committed 15360K, reserved 1048576K
}
Event: 23.437 GC heap after
{Heap after GC invocations=31 (full 0):
 garbage-first heap   total 260096K, used 140165K [0x0000000080000000, 0x0000000100000000)
  region size 1024K, 1 young (1024K), 1 survivors (1024K)
 Metaspace       used 113195K, capacity 116018K, committed 116224K, reserved 1150976K
  class space    used 14273K, capacity 15304K, committed 15360K, reserved 1048576K
}
Event: 144.673 GC heap before
{Heap before GC invocations=31 (full 0):
 garbage-first heap   total 260096K, used 215941K [0x0000000080000000, 0x0000000100000000)
  region size 1024K, 75 young (76800K), 1 survivors (1024K)
 Metaspace       used 116118K, capacity 119229K, committed 119424K, reserved 1153024K
  class space    used 14621K, capacity 15718K, committed 15744K, reserved 1048576K
}
Event: 144.686 GC heap after
{Heap after GC invocations=32 (full 0):
 garbage-first heap   total 260096K, used 145422K [0x0000000080000000, 0x0000000100000000)
  region size 1024K, 7 young (7168K), 7 survivors (7168K)
 Metaspace       used 116118K, capacity 119229K, committed 119424K, reserved 1153024K
  class space    used 14621K, capacity 15718K, committed 15744K, reserved 1048576K
}
Event: 145.245 GC heap before
{Heap before GC invocations=33 (full 0):
 garbage-first heap   total 260096K, used 215054K [0x0000000080000000, 0x0000000100000000)
  region size 1024K, 76 young (77824K), 7 survivors (7168K)
 Metaspace       used 116152K, capacity 119230K, committed 119424K, reserved 1153024K
  class space    used 14621K, capacity 15718K, committed 15744K, reserved 1048576K
}
Event: 145.253 GC heap after
{Heap after GC invocations=34 (full 0):
 garbage-first heap   total 260096K, used 148307K [0x0000000080000000, 0x0000000100000000)
  region size 1024K, 3 young (3072K), 3 survivors (3072K)
 Metaspace       used 116152K, capacity 119230K, committed 119424K, reserved 1153024K
  class space    used 14621K, capacity 15718K, committed 15744K, reserved 1048576K
}
Event: 145.295 GC heap before
{Heap before GC invocations=34 (full 0):
 garbage-first heap   total 260096K, used 156499K [0x0000000080000000, 0x0000000100000000)
  region size 1024K, 12 young (12288K), 3 survivors (3072K)
 Metaspace       used 116154K, capacity 119230K, committed 119424K, reserved 1153024K
  class space    used 14621K, capacity 15718K, committed 15744K, reserved 1048576K
}
Event: 145.301 GC heap after
{Heap after GC invocations=35 (full 0):
 garbage-first heap   total 260096K, used 146977K [0x0000000080000000, 0x0000000100000000)
  region size 1024K, 1 young (1024K), 1 survivors (1024K)
 Metaspace       used 116154K, capacity 119230K, committed 119424K, reserved 1153024K
  class space    used 14621K, capacity 15718K, committed 15744K, reserved 1048576K
}
Event: 145.569 GC heap before
{Heap before GC invocations=35 (full 0):
 garbage-first heap   total 260096K, used 217633K [0x0000000080000000, 0x0000000100000000)
  region size 1024K, 71 young (72704K), 1 survivors (1024K)
 Metaspace       used 116184K, capacity 119294K, committed 119424K, reserved 1153024K
  class space    used 14621K, capacity 15718K, committed 15744K, reserved 1048576K
}
Event: 145.572 GC heap after
{Heap after GC invocations=36 (full 0):
 garbage-first heap   total 260096K, used 148321K [0x0000000080000000, 0x0000000100000000)
  region size 1024K, 2 young (2048K), 2 survivors (2048K)
 Metaspace       used 116184K, capacity 119294K, committed 119424K, reserved 1153024K
  class space    used 14621K, capacity 15718K, committed 15744K, reserved 1048576K
}
Event: 146.027 GC heap before
{Heap before GC invocations=36 (full 0):
 garbage-first heap   total 260096K, used 200545K [0x0000000080000000, 0x0000000100000000)
  region size 1024K, 55 young (56320K), 2 survivors (2048K)
 Metaspace       used 116510K, capacity 119733K, committed 120064K, reserved 1153024K
  class space    used 14643K, capacity 15760K, committed 15872K, reserved 1048576K
}
Event: 146.035 GC heap after
{Heap after GC invocations=37 (full 0):
 garbage-first heap   total 260096K, used 151889K [0x0000000080000000, 0x0000000100000000)
  region size 1024K, 6 young (6144K), 6 survivors (6144K)
 Metaspace       used 116510K, capacity 119733K, committed 120064K, reserved 1153024K
  class space    used 14643K, capacity 15760K, committed 15872K, reserved 1048576K
}
Event: 146.766 GC heap before
{Heap before GC invocations=38 (full 0):
 garbage-first heap   total 260096K, used 215377K [0x0000000080000000, 0x0000000100000000)
  region size 1024K, 67 young (68608K), 6 survivors (6144K)
 Metaspace       used 116602K, capacity 119802K, committed 120064K, reserved 1153024K
  class space    used 14643K, capacity 15760K, committed 15872K, reserved 1048576K
}
Event: 146.781 GC heap after
{Heap after GC invocations=39 (full 0):
 garbage-first heap   total 260096K, used 170600K [0x0000000080000000, 0x0000000100000000)
  region size 1024K, 9 young (9216K), 9 survivors (9216K)
 Metaspace       used 116602K, capacity 119802K, committed 120064K, reserved 1153024K
  class space    used 14643K, capacity 15760K, committed 15872K, reserved 1048576K
}
Event: 146.847 GC heap before
{Heap before GC invocations=39 (full 0):
 garbage-first heap   total 260096K, used 173672K [0x0000000080000000, 0x0000000100000000)
  region size 1024K, 12 young (12288K), 9 survivors (9216K)
 Metaspace       used 116819K, capacity 119964K, committed 120064K, reserved 1153024K
  class space    used 14670K, capacity 15792K, committed 15872K, reserved 1048576K
}
Event: 146.861 GC heap after
{Heap after GC invocations=40 (full 0):
 garbage-first heap   total 260096K, used 158823K [0x0000000080000000, 0x0000000100000000)
  region size 1024K, 2 young (2048K), 2 survivors (2048K)
 Metaspace       used 116819K, capacity 119964K, committed 120064K, reserved 1153024K
  class space    used 14670K, capacity 15792K, committed 15872K, reserved 1048576K
}
Event: 147.866 GC heap before
{Heap before GC invocations=40 (full 0):
 garbage-first heap   total 260096K, used 212071K [0x0000000080000000, 0x0000000100000000)
  region size 1024K, 54 young (55296K), 2 survivors (2048K)
 Metaspace       used 118466K, capacity 121673K, committed 121984K, reserved 1155072K
  class space    used 14804K, capacity 15932K, committed 16000K, reserved 1048576K
}
Event: 147.871 GC heap after
{Heap after GC invocations=41 (full 0):
 garbage-first heap   total 260096K, used 160506K [0x0000000080000000, 0x0000000100000000)
  region size 1024K, 4 young (4096K), 4 survivors (4096K)
 Metaspace       used 118466K, capacity 121673K, committed 121984K, reserved 1155072K
  class space    used 14804K, capacity 15932K, committed 16000K, reserved 1048576K
}

